<?xml version="1.0" encoding="UTF-8"?>
<testsuite name="com.example.CustomerMicroservices.CustomerMicroservicesApplicationTests" tests="1" skipped="0" failures="0" errors="0" timestamp="2024-08-06T20:11:14" hostname="ip-172-16-162-74" time="0.739">
  <properties/>
  <testcase name="contextLoads()" classname="com.example.CustomerMicroservices.CustomerMicroservicesApplicationTests" time="0.739"/>
  <system-out><![CDATA[20:11:07.634 [Test worker] INFO org.springframework.test.context.support.AnnotationConfigContextLoaderUtils -- Could not detect default configuration classes for test class [com.example.CustomerMicroservices.CustomerMicroservicesApplicationTests]: CustomerMicroservicesApplicationTests does not declare any static, non-private, non-final, nested classes annotated with @Configuration.
20:11:07.809 [Test worker] INFO org.springframework.boot.test.context.SpringBootTestContextBootstrapper -- Found @SpringBootConfiguration com.example.CustomerMicroservices.CustomerMicroservicesApplication for test class com.example.CustomerMicroservices.CustomerMicroservicesApplicationTests

  .   ____          _            __ _ _
 /\\ / ___'_ __ _ _(_)_ __  __ _ \ \ \ \
( ( )\___ | '_ | '_| | '_ \/ _` | \ \ \ \
 \\/  ___)| |_)| | | | | || (_| |  ) ) ) )
  '  |____| .__|_| |_|_| |_\__, | / / / /
 =========|_|==============|___/=/_/_/_/

 :: Spring Boot ::                (v3.3.2)

2024-08-06T20:11:08.277Z  INFO 263068 --- [CustomerMicroservices] [    Test worker] .C.CustomerMicroservicesApplicationTests : Starting CustomerMicroservicesApplicationTests using Java 17.0.12 with PID 263068 (started by wasadmin in /home/wasadmin/Documents/SpringBootProject-1/CustomerMicroservices)
2024-08-06T20:11:08.279Z  INFO 263068 --- [CustomerMicroservices] [    Test worker] .C.CustomerMicroservicesApplicationTests : No active profile set, falling back to 1 default profile: "default"
2024-08-06T20:11:09.464Z  INFO 263068 --- [CustomerMicroservices] [    Test worker] .s.d.r.c.RepositoryConfigurationDelegate : Bootstrapping Spring Data JPA repositories in DEFAULT mode.
2024-08-06T20:11:09.538Z  INFO 263068 --- [CustomerMicroservices] [    Test worker] .s.d.r.c.RepositoryConfigurationDelegate : Finished Spring Data repository scanning in 67 ms. Found 1 JPA repository interface.
2024-08-06T20:11:10.292Z  INFO 263068 --- [CustomerMicroservices] [    Test worker] com.zaxxer.hikari.HikariDataSource       : HikariPool-1 - Starting...
2024-08-06T20:11:10.628Z  INFO 263068 --- [CustomerMicroservices] [    Test worker] com.zaxxer.hikari.pool.PoolBase          : HikariPool-1 - Driver does not support get/set network timeout for connections. (feature not supported)
2024-08-06T20:11:10.630Z  INFO 263068 --- [CustomerMicroservices] [    Test worker] com.zaxxer.hikari.pool.HikariPool        : HikariPool-1 - Added connection org.hsqldb.jdbc.JDBCConnection@795f6681
2024-08-06T20:11:10.632Z  INFO 263068 --- [CustomerMicroservices] [    Test worker] com.zaxxer.hikari.HikariDataSource       : HikariPool-1 - Start completed.
2024-08-06T20:11:10.695Z  INFO 263068 --- [CustomerMicroservices] [    Test worker] o.hibernate.jpa.internal.util.LogHelper  : HHH000204: Processing PersistenceUnitInfo [name: default]
2024-08-06T20:11:10.777Z  INFO 263068 --- [CustomerMicroservices] [    Test worker] org.hibernate.Version                    : HHH000412: Hibernate ORM core version 6.5.2.Final
2024-08-06T20:11:10.823Z  INFO 263068 --- [CustomerMicroservices] [    Test worker] o.h.c.internal.RegionFactoryInitiator    : HHH000026: Second-level cache disabled
2024-08-06T20:11:11.267Z  INFO 263068 --- [CustomerMicroservices] [    Test worker] o.s.o.j.p.SpringPersistenceUnitInfo      : No LoadTimeWeaver setup: ignoring JPA class transformer
2024-08-06T20:11:12.368Z  INFO 263068 --- [CustomerMicroservices] [    Test worker] o.h.e.t.j.p.i.JtaPlatformInitiator       : HHH000489: No JTA platform available (set 'hibernate.transaction.jta.platform' to enable JTA platform integration)
2024-08-06T20:11:12.391Z  INFO 263068 --- [CustomerMicroservices] [    Test worker] j.LocalContainerEntityManagerFactoryBean : Initialized JPA EntityManagerFactory for persistence unit 'default'
2024-08-06T20:11:13.065Z  WARN 263068 --- [CustomerMicroservices] [    Test worker] JpaBaseConfiguration$JpaWebConfiguration : spring.jpa.open-in-view is enabled by default. Therefore, database queries may be performed during view rendering. Explicitly configure spring.jpa.open-in-view to disable this warning
2024-08-06T20:11:14.010Z  INFO 263068 --- [CustomerMicroservices] [    Test worker] o.s.b.a.e.web.EndpointLinksResolver      : Exposing 1 endpoint beneath base path '/actuator'
2024-08-06T20:11:14.106Z  INFO 263068 --- [CustomerMicroservices] [    Test worker] .C.CustomerMicroservicesApplicationTests : Started CustomerMicroservicesApplicationTests in 6.14 seconds (process running for 7.831)
]]></system-out>
  <system-err><![CDATA[]]></system-err>
</testsuite>
